<?xml version='1.0'?>
<ns2:test-suite xmlns:ns2='urn:model.allure.qatools.yandex.ru' start='1556552155283' stop='1556552186332'>
    <name>protection waf.id:  reenable the inital ruleId</name>
    <title>protection waf.id:  reenable the inital ruleId</title>
    <test-cases>
        <test-case start='1556552168910' status='failed' stop='1556552171999'>
            <name>check ui</name>
            <title>check ui</title>
            <labels>
                <label name='language' value='javascript'/>
                <label name='framework' value='wdio'/>
                <label name='thread' value='0-18'/>
            </labels>
            <parameters>
                <parameter kind='argument' name='browser' value='chrome'/>
            </parameters>
            <steps/>
            <attachments>
                <attachment title='Screenshot' source='5e00f44b-18d6-4a4f-83fe-36ad8ab484e4-attachment.png' type='image/png' size='97136'/>
                <attachment title='errors' source='6d5b1092-f006-4874-89a8-8b88e347127b-attachment.txt' type='text/plain' size='776'/>
                <attachment title='pageSource' source='e7ae7044-c6ea-44bf-b69e-e0e2a71f6cca-attachment.txt' type='text/plain' size='65009'/>
            </attachments>
            <failure>
                <message>Expected undefined to be true.</message>
                <stack-trace>Error: Expected undefined to be true.
                    at &lt;Jasmine>
                    at &lt;Jasmine>
                    at UserContext.it (/Users/danny/Documents/script/node/Sarah-auto/misc/misc_auto_2.2_new/newui/specs/protection/profile.waf.id.basic.js:50:22)</stack-trace>
            </failure>
        </test-case>
        <test-case start='1556552171999' status='failed' stop='1556552186332'>
            <name>should be blocked by initial ruleId</name>
            <title>should be blocked by initial ruleId</title>
            <labels>
                <label name='language' value='javascript'/>
                <label name='framework' value='wdio'/>
                <label name='thread' value='0-18'/>
            </labels>
            <parameters>
                <parameter kind='argument' name='browser' value='chrome'/>
            </parameters>
            <steps/>
            <attachments>
                <attachment title='Screenshot' source='b06bf4a2-bf7b-4865-8bbb-549721952e83-attachment.png' type='image/png' size='119054'/>
                <attachment title='errors' source='c662f853-6182-4ade-9f3b-b94eb9ff5571-attachment.txt' type='text/plain' size='780'/>
                <attachment title='pageSource' source='704b84cc-e91c-4b72-ba2b-1cf769f2fde2-attachment.txt' type='text/plain' size='46708'/>
            </attachments>
            <failure>
                <message>Expected '942100' to equal undefined.</message>
                <stack-trace>Error: Expected '942100' to equal undefined.
                    at &lt;Jasmine>
                    at &lt;Jasmine>
                    at UserContext.it (/Users/danny/Documents/script/node/Sarah-auto/misc/misc_auto_2.2_new/newui/specs/protection/profile.waf.id.basic.js:54:21)</stack-trace>
            </failure>
        </test-case>
    </test-cases>
</ns2:test-suite>